
2024-03-25 00:41:00,940 - INFO - First Available Appointment Is Thursday October 31, 2024.
2024-03-25 00:42:18,533 - INFO - -87.72167301177979
2024-03-25 00:42:28,591 - INFO - First Available Appointment Is Thursday October 31, 2024.
2024-03-25 00:44:10,172 - INFO - -111.638023853302
2024-03-25 00:44:20,227 - INFO - First Available Appointment Is Thursday October 31, 2024.
2024-03-25 00:45:33,828 - INFO - -83.65592885017395
2024-03-25 00:45:43,914 - INFO - First Available Appointment Is Thursday October 31, 2024.
2024-03-25 00:47:38,520 - INFO - -124.69153380393982
2024-03-25 00:47:58,655 - ERROR - 
没有找到元素。
method: ele()
args: {'locator': '@class:leftPanelText', 'index': 1}
2024-03-25 00:48:43,503 - INFO - First Available Appointment Is Thursday October 31, 2024.
2024-03-25 00:50:05,098 - INFO - -91.70014190673828
2024-03-25 00:50:15,176 - INFO - First Available Appointment Is Thursday October 31, 2024.
2024-03-25 00:51:40,757 - INFO - -95.65829014778137
2024-03-25 00:51:50,838 - INFO - First Available Appointment Is Thursday October 31, 2024.
2024-03-25 00:53:46,419 - INFO - -125.66159391403198
2024-03-25 00:53:56,471 - INFO - First Available Appointment Is Thursday October 31, 2024.
2024-03-25 00:55:23,076 - INFO - -96.65682673454285
2024-03-25 00:55:43,212 - ERROR - 
没有找到元素。
method: ele()
args: {'locator': '@class:leftPanelText', 'index': 1}
2024-03-25 00:56:27,573 - INFO - First Available Appointment Is Thursday October 31, 2024.
2024-03-25 00:58:06,159 - INFO - -108.72620344161987
2024-03-25 00:58:16,239 - INFO - First Available Appointment Is Thursday October 31, 2024.
2024-03-25 01:00:03,817 - INFO - -117.65815043449402
2024-03-25 01:00:13,902 - INFO - First Available Appointment Is Thursday October 31, 2024.
2024-03-25 01:01:50,482 - INFO - -106.66442036628723
2024-03-25 01:02:00,560 - INFO - First Available Appointment Is Thursday October 31, 2024.
2024-03-25 01:03:24,140 - INFO - -93.65785098075867
2024-03-25 01:03:44,284 - ERROR - 
没有找到元素。
method: ele()
args: {'locator': '@class:leftPanelText', 'index': 1}
2024-03-25 01:04:29,289 - INFO - First Available Appointment Is Thursday October 31, 2024.
2024-03-25 01:06:05,887 - INFO - -106.68509554862976
2024-03-25 01:06:15,975 - INFO - First Available Appointment Is Thursday October 31, 2024.
2024-03-25 01:07:58,580 - INFO - -112.6931300163269
2024-03-25 01:08:08,668 - INFO - First Available Appointment Is Thursday October 31, 2024.
2024-03-25 01:09:33,273 - INFO - -94.69216680526733
2024-03-25 01:09:43,358 - INFO - First Available Appointment Is Thursday October 31, 2024.
2024-03-25 01:11:14,938 - INFO - -101.66503286361694
2024-03-25 01:11:35,080 - ERROR - 
没有找到元素。
method: ele()
args: {'locator': '@class:leftPanelText', 'index': 1}
2024-03-25 01:12:29,266 - INFO - First Available Appointment Is Thursday October 31, 2024.
2024-03-25 01:14:25,845 - INFO - -126.74812746047974
2024-03-25 01:14:35,934 - INFO - First Available Appointment Is Thursday October 31, 2024.
2024-03-25 01:15:54,520 - INFO - -88.67487597465515
2024-03-25 01:16:04,604 - INFO - First Available Appointment Is Thursday October 31, 2024.
2024-03-25 01:17:19,209 - INFO - -84.68853783607483
2024-03-25 01:17:29,293 - INFO - First Available Appointment Is Thursday October 31, 2024.
2024-03-25 01:19:12,893 - INFO - -113.6837306022644
2024-03-25 01:19:33,040 - ERROR - 
没有找到元素。
method: ele()
args: {'locator': '@class:leftPanelText', 'index': 1}
2024-03-25 01:20:17,643 - INFO - First Available Appointment Is Tuesday November 5, 2024.
2024-03-25 01:22:15,242 - INFO - -127.75653648376465
2024-03-25 01:22:25,314 - INFO - First Available Appointment Is Tuesday November 5, 2024.
2024-03-25 01:24:10,912 - INFO - -115.67057681083679
2024-03-25 01:24:20,988 - INFO - First Available Appointment Is Tuesday November 5, 2024.
2024-03-25 01:26:02,581 - INFO - -111.66870427131653
2024-03-25 01:26:12,661 - INFO - First Available Appointment Is Tuesday November 5, 2024.
2024-03-25 01:27:58,255 - INFO - -115.67355990409851
2024-03-25 01:28:18,400 - ERROR - 
没有找到元素。
method: ele()
args: {'locator': '@class:leftPanelText', 'index': 1}
2024-03-25 01:29:02,553 - INFO - First Available Appointment Is Tuesday November 5, 2024.
2024-03-25 01:30:31,154 - INFO - -98.740558385849
2024-03-25 01:30:41,233 - INFO - First Available Appointment Is Tuesday November 5, 2024.
2024-03-25 01:32:25,826 - INFO - -114.67139959335327
2024-03-25 01:32:35,908 - INFO - First Available Appointment Is Tuesday November 5, 2024.
2024-03-25 01:34:21,495 - INFO - -115.66952657699585
2024-03-25 01:34:31,583 - INFO - First Available Appointment Is Tuesday November 5, 2024.
2024-03-25 01:36:12,182 - INFO - -110.68658471107483
2024-03-25 01:36:32,312 - ERROR - 
没有找到元素。
method: ele()
args: {'locator': '@class:leftPanelText', 'index': 1}
2024-03-25 01:37:18,755 - INFO - First Available Appointment Is Tuesday November 5, 2024.
2024-03-25 01:38:47,348 - INFO - -98.73369550704956
2024-03-25 01:38:57,427 - INFO - First Available Appointment Is Tuesday November 5, 2024.
2024-03-25 01:40:16,020 - INFO - -88.6717267036438
2024-03-25 01:40:26,092 - INFO - First Available Appointment Is Tuesday November 5, 2024.
2024-03-25 01:41:55,673 - INFO - -99.65283441543579
2024-03-25 01:42:05,750 - INFO - First Available Appointment Is Tuesday November 5, 2024.
2024-03-25 01:43:45,344 - INFO - -109.67122507095337
2024-03-25 01:44:05,487 - ERROR - 
没有找到元素。
method: ele()
args: {'locator': '@class:leftPanelText', 'index': 1}
2024-03-25 01:44:49,866 - INFO - First Available Appointment Is Tuesday November 5, 2024.
2024-03-25 01:46:42,460 - INFO - -122.7022933959961
2024-03-25 01:46:52,542 - INFO - First Available Appointment Is Tuesday November 5, 2024.
2024-03-25 01:48:29,134 - INFO - -106.67444324493408
2024-03-25 01:48:39,217 - INFO - First Available Appointment Is Tuesday November 5, 2024.
2024-03-25 01:50:29,822 - INFO - -120.68770980834961
2024-03-25 01:50:39,903 - INFO - First Available Appointment Is Tuesday November 5, 2024.
2024-03-25 01:52:21,482 - INFO - -111.6599428653717
2024-03-25 01:52:41,617 - ERROR - 
没有找到元素。
method: ele()
args: {'locator': '@class:leftPanelText', 'index': 1}
2024-03-25 01:53:25,497 - INFO - First Available Appointment Is Tuesday November 5, 2024.
2024-03-25 01:54:38,083 - INFO - -82.69505882263184
2024-03-25 01:54:48,162 - INFO - First Available Appointment Is Tuesday November 5, 2024.
2024-03-25 01:56:07,762 - INFO - -89.67862606048584
2024-03-25 01:56:17,847 - INFO - First Available Appointment Is Tuesday November 5, 2024.
2024-03-25 01:57:53,451 - INFO - -105.6886396408081
2024-03-25 01:58:03,529 - INFO - First Available Appointment Is Tuesday November 5, 2024.
2024-03-25 01:59:46,108 - INFO - -112.65678119659424
2024-03-25 02:00:06,244 - ERROR - 
没有找到元素。
method: ele()
args: {'locator': '@class:leftPanelText', 'index': 1}
2024-03-25 02:00:51,098 - INFO - First Available Appointment Is Tuesday November 5, 2024.
2024-03-25 02:02:51,704 - INFO - -130.74136900901794
2024-03-25 02:03:01,779 - INFO - First Available Appointment Is Tuesday November 5, 2024.
2024-03-25 02:04:25,359 - INFO - -93.6552140712738
2024-03-25 02:04:35,438 - INFO - First Available Appointment Is Tuesday November 5, 2024.
2024-03-25 02:06:13,026 - INFO - -107.66627192497253
2024-03-25 02:06:23,099 - INFO - First Available Appointment Is Tuesday November 5, 2024.
2024-03-25 02:07:50,697 - INFO - -97.67137718200684
2024-03-25 02:08:10,823 - ERROR - 
没有找到元素。
method: ele()
args: {'locator': '@class:leftPanelText', 'index': 1}
2024-03-25 02:08:57,980 - INFO - First Available Appointment Is Tuesday November 5, 2024.
2024-03-25 02:10:37,566 - INFO - -109.74516010284424
2024-03-25 02:10:47,651 - INFO - First Available Appointment Is Tuesday November 5, 2024.
2024-03-25 02:12:23,257 - INFO - -105.69097113609314
2024-03-25 02:12:33,343 - INFO - First Available Appointment Is Tuesday November 5, 2024.
2024-03-25 02:14:07,923 - INFO - -104.6651337146759
2024-03-25 02:14:18,008 - INFO - First Available Appointment Is Tuesday November 5, 2024.
2024-03-25 02:15:56,589 - INFO - -108.66602444648743
2024-03-25 02:16:16,739 - ERROR - 
没有找到元素。
method: ele()
args: {'locator': '@class:leftPanelText', 'index': 1}
2024-03-25 02:17:01,135 - INFO - First Available Appointment Is Tuesday November 5, 2024.
2024-03-25 02:18:50,715 - INFO - -119.71718835830688
2024-03-25 02:19:00,799 - INFO - First Available Appointment Is Tuesday November 5, 2024.
2024-03-25 02:20:48,399 - INFO - -117.68334937095642
2024-03-25 02:20:58,477 - INFO - First Available Appointment Is Tuesday November 5, 2024.
2024-03-25 02:22:45,077 - INFO - -116.67793011665344
2024-03-25 02:22:55,165 - INFO - First Available Appointment Is Tuesday November 5, 2024.
2024-03-25 02:24:10,764 - INFO - -85.6870927810669
2024-03-25 02:24:30,908 - ERROR - 
没有找到元素。
method: ele()
args: {'locator': '@class:leftPanelText', 'index': 1}
2024-03-25 02:25:15,614 - INFO - First Available Appointment Is Tuesday November 5, 2024.
2024-03-25 02:26:53,207 - INFO - -107.72188138961792
2024-03-25 02:27:03,292 - INFO - First Available Appointment Is Tuesday November 5, 2024.
2024-03-25 02:28:50,872 - INFO - -117.66534662246704
2024-03-25 02:29:00,952 - INFO - First Available Appointment Is Tuesday November 5, 2024.
2024-03-25 02:30:57,550 - INFO - -126.67723298072815
2024-03-25 02:31:07,629 - INFO - First Available Appointment Is Tuesday November 5, 2024.
2024-03-25 02:32:40,228 - INFO - -102.67793297767639
2024-03-25 02:33:00,374 - ERROR - 
没有找到元素。
method: ele()
args: {'locator': '@class:leftPanelText', 'index': 1}
2024-03-25 02:33:45,111 - INFO - First Available Appointment Is Tuesday November 5, 2024.
2024-03-25 02:35:22,698 - INFO - -107.75864219665527
2024-03-25 02:35:32,783 - INFO - First Available Appointment Is Tuesday November 5, 2024.
2024-03-25 02:37:23,370 - INFO - -120.67149496078491
2024-03-25 02:37:33,454 - INFO - First Available Appointment Is Tuesday November 5, 2024.
2024-03-25 02:39:02,060 - INFO - -98.68929481506348
2024-03-25 02:39:12,137 - INFO - First Available Appointment Is Tuesday November 5, 2024.
2024-03-25 02:40:59,718 - INFO - -117.65778636932373
2024-03-25 02:41:19,861 - ERROR - 
没有找到元素。
method: ele()
args: {'locator': '@class:leftPanelText', 'index': 1}
2024-03-25 02:42:04,110 - INFO - First Available Appointment Is Tuesday November 5, 2024.
2024-03-25 02:43:43,703 - INFO - -109.75601840019226
2024-03-25 02:43:53,790 - INFO - First Available Appointment Is Tuesday November 5, 2024.
2024-03-25 02:45:18,384 - INFO - -94.68010139465332
2024-03-25 02:45:28,468 - INFO - First Available Appointment Is Tuesday November 5, 2024.
2024-03-25 02:46:55,061 - INFO - -96.67731380462646
2024-03-25 02:47:05,149 - INFO - First Available Appointment Is Tuesday November 5, 2024.
2024-03-25 02:48:21,751 - INFO - -86.68969917297363
2024-03-25 02:48:41,924 - ERROR - 
没有找到元素。
method: ele()
args: {'locator': '@class:leftPanelText', 'index': 1}
2024-03-25 02:49:28,993 - INFO - First Available Appointment Is Tuesday November 5, 2024.
2024-03-25 02:51:15,598 - INFO - -116.75726962089539
2024-03-25 02:51:25,671 - INFO - First Available Appointment Is Tuesday November 5, 2024.
2024-03-25 02:52:51,263 - INFO - -95.6646933555603
2024-03-25 02:53:01,337 - INFO - First Available Appointment Is Tuesday November 5, 2024.
2024-03-25 02:54:40,935 - INFO - -109.67211389541626
2024-03-25 02:54:51,018 - INFO - First Available Appointment Is Tuesday November 5, 2024.
2024-03-25 02:56:18,614 - INFO - -97.67878556251526
2024-03-25 02:56:38,754 - ERROR - 
没有找到元素。
method: ele()
args: {'locator': '@class:leftPanelText', 'index': 1}
2024-03-25 02:57:22,902 - INFO - First Available Appointment Is Tuesday November 5, 2024.
2024-03-25 02:59:14,502 - INFO - -121.72905683517456
2024-03-25 02:59:24,590 - INFO - First Available Appointment Is Tuesday November 5, 2024.
2024-03-25 03:01:08,190 - INFO - -113.68772888183594
2024-03-25 03:01:18,276 - INFO - First Available Appointment Is Tuesday November 5, 2024.
2024-03-25 03:02:41,882 - INFO - -93.6916298866272
2024-03-25 03:02:51,961 - INFO - First Available Appointment Is Tuesday November 5, 2024.
2024-03-25 03:04:12,567 - INFO - -90.68516731262207
2024-03-25 03:04:32,717 - ERROR - 
没有找到元素。
method: ele()
args: {'locator': '@class:leftPanelText', 'index': 1}
2024-03-25 03:05:16,677 - INFO - First Available Appointment Is Tuesday November 5, 2024.
2024-03-25 03:06:36,284 - INFO - -89.7356104850769
2024-03-25 03:06:46,371 - INFO - First Available Appointment Is Tuesday November 5, 2024.
2024-03-25 03:08:00,969 - INFO - -84.68513584136963
2024-03-25 03:08:11,045 - INFO - First Available Appointment Is Tuesday November 5, 2024.
2024-03-25 03:09:27,650 - INFO - -86.67991471290588
2024-03-25 03:09:37,731 - INFO - First Available Appointment Is Tuesday November 5, 2024.
2024-03-25 03:11:05,324 - INFO - -97.67382192611694
2024-03-25 03:11:15,401 - INFO - First Available Appointment Is Tuesday November 5, 2024.
2024-03-25 03:12:38,993 - INFO - -93.66922879219055
2024-03-25 03:12:59,119 - ERROR - 
没有找到元素。
method: ele()
args: {'locator': '@class:leftPanelText', 'index': 1}
2024-03-25 03:13:46,530 - INFO - First Available Appointment Is Tuesday November 5, 2024.
2024-03-25 03:15:37,129 - INFO - -120.69855213165283
2024-03-25 03:15:47,217 - INFO - First Available Appointment Is Tuesday November 5, 2024.
2024-03-25 03:17:18,803 - INFO - -101.6737277507782
2024-03-25 03:17:28,885 - INFO - First Available Appointment Is Tuesday November 5, 2024.
2024-03-25 03:19:06,491 - INFO - -107.68772745132446
2024-03-25 03:19:16,582 - INFO - First Available Appointment Is Tuesday November 5, 2024.
2024-03-25 03:21:08,176 - INFO - -121.68418717384338
2024-03-25 03:21:28,324 - ERROR - 
没有找到元素。
method: ele()
args: {'locator': '@class:leftPanelText', 'index': 1}
2024-03-25 03:22:15,329 - INFO - First Available Appointment Is Tuesday November 5, 2024.
2024-03-25 03:23:51,915 - INFO - -106.70127058029175
2024-03-25 03:24:01,997 - INFO - First Available Appointment Is Tuesday November 5, 2024.
2024-03-25 03:25:32,590 - INFO - -100.67509436607361
2024-03-25 03:25:42,675 - INFO - First Available Appointment Is Tuesday November 5, 2024.
2024-03-25 03:27:36,281 - INFO - -123.6906225681305
2024-03-25 03:27:46,365 - INFO - First Available Appointment Is Tuesday November 5, 2024.
2024-03-25 03:29:37,946 - INFO - -121.66447949409485
2024-03-25 03:29:58,096 - ERROR - 
没有找到元素。
method: ele()
args: {'locator': '@class:leftPanelText', 'index': 1}
2024-03-25 03:30:42,655 - INFO - First Available Appointment Is Tuesday November 5, 2024.
2024-03-25 03:32:36,242 - INFO - -123.65701174736023
2024-03-25 03:32:46,325 - INFO - First Available Appointment Is Tuesday November 5, 2024.
2024-03-25 03:34:00,925 - INFO - -84.6828773021698
2024-03-25 03:34:11,004 - INFO - First Available Appointment Is Tuesday November 5, 2024.
2024-03-25 03:36:10,609 - INFO - -129.68371200561523
2024-03-25 03:36:20,688 - INFO - First Available Appointment Is Tuesday November 5, 2024.
2024-03-25 03:37:59,267 - INFO - -108.65781331062317
2024-03-25 03:38:19,409 - ERROR - 
没有找到元素。
method: ele()
args: {'locator': '@class:leftPanelText', 'index': 1}
2024-03-25 03:39:06,440 - INFO - First Available Appointment Is Tuesday November 5, 2024.
2024-03-25 03:41:00,046 - INFO - -123.71507716178894
2024-03-25 03:41:10,130 - INFO - First Available Appointment Is Tuesday November 5, 2024.
2024-03-25 03:42:41,717 - INFO - -101.67012047767639
2024-03-25 03:42:51,789 - INFO - First Available Appointment Is Tuesday November 5, 2024.
2024-03-25 03:44:30,395 - INFO - -108.67813611030579
2024-03-25 03:44:40,475 - INFO - First Available Appointment Is Tuesday November 5, 2024.
2024-03-25 03:46:20,062 - INFO - -109.66654419898987
2024-03-25 03:46:40,202 - ERROR - 
没有找到元素。
method: ele()
args: {'locator': '@class:leftPanelText', 'index': 1}
2024-03-25 03:47:24,279 - INFO - First Available Appointment Is Tuesday November 5, 2024.
2024-03-25 03:49:22,879 - INFO - -128.70122241973877
2024-03-25 03:49:32,953 - INFO - First Available Appointment Is Tuesday November 5, 2024.
2024-03-25 03:51:25,539 - INFO - -122.659743309021
2024-03-25 03:51:35,622 - INFO - First Available Appointment Is Tuesday November 5, 2024.
2024-03-25 03:53:08,221 - INFO - -102.68132066726685
2024-03-25 03:53:18,300 - INFO - First Available Appointment Is Tuesday November 5, 2024.
2024-03-25 03:55:02,887 - INFO - -114.66562175750732
2024-03-25 03:55:23,029 - ERROR - 
没有找到元素。
method: ele()
args: {'locator': '@class:leftPanelText', 'index': 1}
2024-03-25 03:56:07,748 - INFO - First Available Appointment Is Tuesday November 5, 2024.
2024-03-25 03:57:48,353 - INFO - -110.75746250152588
2024-03-25 03:57:58,433 - INFO - First Available Appointment Is Tuesday November 5, 2024.
2024-03-25 03:59:39,018 - INFO - -110.66471600532532
2024-03-25 03:59:49,103 - INFO - First Available Appointment Is Tuesday November 5, 2024.
2024-03-25 04:01:04,708 - INFO - -85.68968415260315
2024-03-25 04:01:14,767 - INFO - First Available Appointment Is Tuesday November 5, 2024.
2024-03-25 04:02:53,373 - INFO - -108.66423654556274
2024-03-25 04:03:13,496 - ERROR - 
没有找到元素。
method: ele()
args: {'locator': '@class:leftPanelText', 'index': 1}
2024-03-25 04:03:57,454 - INFO - First Available Appointment Is Tuesday November 5, 2024.
2024-03-25 04:05:16,034 - INFO - -88.67670178413391
2024-03-25 04:05:26,109 - INFO - First Available Appointment Is Tuesday November 5, 2024.
2024-03-25 04:07:10,715 - INFO - -114.6804747581482
2024-03-25 04:07:20,800 - INFO - First Available Appointment Is Tuesday November 5, 2024.
2024-03-25 04:09:00,387 - INFO - -109.6717255115509
2024-03-25 04:09:10,473 - INFO - First Available Appointment Is Tuesday November 5, 2024.
2024-03-25 04:10:39,054 - INFO - -98.66700577735901
2024-03-25 04:10:59,181 - ERROR - 
没有找到元素。
method: ele()
args: {'locator': '@class:leftPanelText', 'index': 1}
2024-03-25 04:11:44,876 - INFO - First Available Appointment Is Tuesday November 5, 2024.
2024-03-25 04:13:26,457 - INFO - -112.10452127456665
2024-03-25 04:13:36,539 - INFO - First Available Appointment Is Tuesday November 5, 2024.
2024-03-25 04:15:35,139 - INFO - -128.68144035339355
2024-03-25 04:15:45,218 - INFO - First Available Appointment Is Tuesday November 5, 2024.
2024-03-25 04:17:05,821 - INFO - -90.68224382400513
2024-03-25 04:17:15,909 - INFO - First Available Appointment Is Tuesday November 5, 2024.
2024-03-25 04:19:11,503 - INFO - -125.68154716491699
2024-03-25 04:19:31,639 - ERROR - 
没有找到元素。
method: ele()
args: {'locator': '@class:leftPanelText', 'index': 1}
2024-03-25 04:20:16,469 - INFO - First Available Appointment Is Tuesday November 5, 2024.
2024-03-25 04:21:51,075 - INFO - -104.77937865257263
2024-03-25 04:22:01,150 - INFO - First Available Appointment Is Tuesday November 5, 2024.
2024-03-25 04:24:00,755 - INFO - -129.68059372901917
2024-03-25 04:24:10,838 - INFO - First Available Appointment Is Tuesday November 5, 2024.
2024-03-25 04:25:50,444 - INFO - -109.68789339065552
2024-03-25 04:26:00,528 - INFO - First Available Appointment Is Tuesday November 5, 2024.
2024-03-25 04:27:39,115 - INFO - -108.67134118080139
2024-03-25 04:27:59,255 - ERROR - 
没有找到元素。
method: ele()
args: {'locator': '@class:leftPanelText', 'index': 1}
2024-03-25 04:28:44,378 - INFO - First Available Appointment Is Tuesday November 5, 2024.
2024-03-25 04:30:37,958 - INFO - -123.65873885154724
2024-03-25 04:30:48,037 - INFO - First Available Appointment Is Tuesday November 5, 2024.
2024-03-25 04:32:35,642 - INFO - -117.68353986740112
2024-03-25 04:32:45,717 - INFO - First Available Appointment Is Tuesday November 5, 2024.
2024-03-25 04:34:13,297 - INFO - -97.65495562553406
2024-03-25 04:34:23,383 - INFO - First Available Appointment Is Tuesday November 5, 2024.
2024-03-25 04:35:35,970 - INFO - -82.67183017730713
2024-03-25 04:35:56,113 - ERROR - 
没有找到元素。
method: ele()
args: {'locator': '@class:leftPanelText', 'index': 1}
2024-03-25 04:36:40,624 - INFO - First Available Appointment Is Tuesday November 5, 2024.
2024-03-25 04:38:24,216 - INFO - -113.74301028251648
2024-03-25 04:38:34,302 - INFO - First Available Appointment Is Tuesday November 5, 2024.
2024-03-25 04:39:49,895 - INFO - -85.67837595939636
2024-03-25 04:39:59,980 - INFO - First Available Appointment Is Tuesday November 5, 2024.
2024-03-25 04:41:22,586 - INFO - -92.69071650505066
2024-03-25 04:41:32,670 - INFO - First Available Appointment Is Tuesday November 5, 2024.
2024-03-25 04:43:23,269 - INFO - -120.68276119232178
2024-03-25 04:43:43,408 - ERROR - 
没有找到元素。
method: ele()
args: {'locator': '@class:leftPanelText', 'index': 1}
2024-03-25 04:44:30,287 - INFO - First Available Appointment Is Tuesday November 5, 2024.
2024-03-25 04:46:17,887 - INFO - -117.73644876480103
2024-03-25 04:46:27,967 - INFO - First Available Appointment Is Tuesday November 5, 2024.
2024-03-25 04:47:49,554 - INFO - -91.6668164730072
2024-03-25 04:47:59,641 - INFO - First Available Appointment Is Tuesday November 5, 2024.
2024-03-25 04:49:36,234 - INFO - -106.68022584915161
2024-03-25 04:49:46,323 - INFO - First Available Appointment Is Tuesday November 5, 2024.
2024-03-25 04:50:56,903 - INFO - -80.66863298416138
2024-03-25 04:51:17,030 - ERROR - 
没有找到元素。
method: ele()
args: {'locator': '@class:leftPanelText', 'index': 1}
2024-03-25 04:52:01,504 - INFO - First Available Appointment Is Tuesday November 5, 2024.
2024-03-25 04:53:28,085 - INFO - -96.71689438819885
2024-03-25 04:53:38,175 - INFO - First Available Appointment Is Tuesday November 5, 2024.
2024-03-25 04:55:35,767 - INFO - -127.68241739273071
2024-03-25 04:55:45,854 - INFO - First Available Appointment Is Tuesday November 5, 2024.
2024-03-25 04:57:01,452 - INFO - -85.68428707122803
2024-03-25 04:57:11,527 - INFO - First Available Appointment Is Tuesday November 5, 2024.
2024-03-25 04:59:06,134 - INFO - -124.68157005310059
2024-03-25 04:59:26,274 - ERROR - 
没有找到元素。
method: ele()
args: {'locator': '@class:leftPanelText', 'index': 1}
2024-03-25 05:00:10,274 - INFO - First Available Appointment Is Tuesday November 5, 2024.
2024-03-25 05:01:24,861 - INFO - -84.75106501579285
2024-03-25 05:01:34,946 - INFO - First Available Appointment Is Tuesday November 5, 2024.
2024-03-25 05:03:07,570 - INFO - -102.70827317237854
2024-03-25 05:03:17,650 - INFO - First Available Appointment Is Tuesday November 5, 2024.
2024-03-25 05:05:06,256 - INFO - -118.68667817115784
2024-03-25 05:05:16,339 - INFO - First Available Appointment Is Tuesday November 5, 2024.
2024-03-25 05:06:54,931 - INFO - -108.67455863952637
2024-03-25 05:07:15,067 - ERROR - 
没有找到元素。
method: ele()
args: {'locator': '@class:leftPanelText', 'index': 1}
2024-03-25 05:07:59,630 - INFO - First Available Appointment Is Tuesday November 5, 2024.
2024-03-25 05:09:56,229 - INFO - -126.69754219055176
2024-03-25 05:10:06,311 - INFO - First Available Appointment Is Tuesday November 5, 2024.
2024-03-25 05:11:29,891 - INFO - -93.6618640422821
2024-03-25 05:11:39,972 - INFO - First Available Appointment Is Tuesday November 5, 2024.
2024-03-25 05:13:08,553 - INFO - -98.66152215003967
2024-03-25 05:13:18,631 - INFO - First Available Appointment Is Tuesday November 5, 2024.
2024-03-25 05:14:51,222 - INFO - -102.66913771629333
2024-03-25 05:15:11,362 - ERROR - 
没有找到元素。
method: ele()
args: {'locator': '@class:leftPanelText', 'index': 1}
2024-03-25 05:15:55,652 - INFO - First Available Appointment Is Tuesday November 5, 2024.
2024-03-25 05:17:49,238 - INFO - -123.72360038757324
2024-03-25 05:17:59,322 - INFO - First Available Appointment Is Tuesday November 5, 2024.
2024-03-25 05:19:39,926 - INFO - -110.68778681755066
2024-03-25 05:19:50,013 - INFO - First Available Appointment Is Tuesday November 5, 2024.
2024-03-25 05:21:04,606 - INFO - -84.67919945716858
2024-03-25 05:21:14,692 - INFO - First Available Appointment Is Tuesday November 5, 2024.
2024-03-25 05:22:46,278 - INFO - -101.67246556282043
2024-03-25 05:23:06,419 - ERROR - 
没有找到元素。
method: ele()
args: {'locator': '@class:leftPanelText', 'index': 1}
2024-03-25 05:23:50,680 - INFO - First Available Appointment Is Tuesday November 5, 2024.
2024-03-25 05:25:14,261 - INFO - -93.71897387504578
2024-03-25 05:25:24,319 - INFO - First Available Appointment Is Tuesday November 5, 2024.
2024-03-25 05:26:49,910 - INFO - -95.64933896064758
2024-03-25 05:26:59,998 - INFO - First Available Appointment Is Tuesday November 5, 2024.
2024-03-25 05:28:18,598 - INFO - -88.6876893043518
2024-03-25 05:28:28,682 - INFO - First Available Appointment Is Tuesday November 5, 2024.
2024-03-25 05:30:24,282 - INFO - -125.68364715576172
2024-03-25 05:30:44,432 - ERROR - 
没有找到元素。
method: ele()
args: {'locator': '@class:leftPanelText', 'index': 1}
2024-03-25 05:31:29,232 - INFO - First Available Appointment Is Tuesday November 5, 2024.
2024-03-25 05:33:06,838 - INFO - -107.7623782157898
2024-03-25 05:33:16,924 - INFO - First Available Appointment Is Tuesday November 5, 2024.
2024-03-25 05:34:54,504 - INFO - -107.665855884552
2024-03-25 05:35:04,580 - INFO - First Available Appointment Is Tuesday November 5, 2024.
2024-03-25 05:36:48,167 - INFO - -113.66233897209167
2024-03-25 05:36:58,248 - INFO - First Available Appointment Is Tuesday November 5, 2024.
2024-03-25 05:38:22,847 - INFO - -94.67931532859802
2024-03-25 05:38:42,994 - ERROR - 
没有找到元素。
method: ele()
args: {'locator': '@class:leftPanelText', 'index': 1}
2024-03-25 05:39:27,513 - INFO - First Available Appointment Is Tuesday November 5, 2024.
2024-03-25 05:41:01,118 - INFO - -103.72003364562988
2024-03-25 05:41:11,204 - INFO - First Available Appointment Is Tuesday November 5, 2024.
2024-03-25 05:42:22,791 - INFO - -81.67194986343384
2024-03-25 05:42:32,872 - INFO - First Available Appointment Is Tuesday November 5, 2024.
2024-03-25 05:44:03,472 - INFO - -100.68081283569336
2024-03-25 05:44:13,548 - INFO - First Available Appointment Is Tuesday November 5, 2024.
2024-03-25 05:45:28,133 - INFO - -84.66128087043762
2024-03-25 05:45:48,267 - ERROR - 
没有找到元素。
method: ele()
args: {'locator': '@class:leftPanelText', 'index': 1}
2024-03-25 05:46:35,619 - INFO - First Available Appointment Is Tuesday November 5, 2024.
2024-03-25 05:48:29,199 - INFO - -123.69337964057922
2024-03-25 05:48:39,285 - INFO - First Available Appointment Is Tuesday November 5, 2024.
2024-03-25 05:50:27,871 - INFO - -118.67227053642273
2024-03-25 05:50:37,953 - INFO - First Available Appointment Is Tuesday November 5, 2024.
2024-03-25 05:52:24,539 - INFO - -116.66699934005737
2024-03-25 05:52:34,623 - INFO - First Available Appointment Is Tuesday November 5, 2024.
2024-03-25 05:53:53,210 - INFO - -88.67104172706604
2024-03-25 05:54:13,344 - ERROR - 
没有找到元素。
method: ele()
args: {'locator': '@class:leftPanelText', 'index': 1}
2024-03-25 05:54:58,074 - INFO - First Available Appointment Is Tuesday November 5, 2024.
2024-03-25 05:56:23,654 - INFO - -95.71900939941406
2024-03-25 05:56:33,740 - INFO - First Available Appointment Is Tuesday November 5, 2024.
2024-03-25 05:58:01,339 - INFO - -97.68486166000366
2024-03-25 05:58:11,421 - INFO - First Available Appointment Is Tuesday November 5, 2024.
2024-03-25 05:59:41,014 - INFO - -99.67412066459656
2024-03-25 05:59:51,095 - INFO - First Available Appointment Is Tuesday November 5, 2024.
2024-03-25 06:01:05,680 - INFO - -84.66645383834839
2024-03-25 06:01:25,831 - ERROR - 
没有找到元素。
method: ele()
args: {'locator': '@class:leftPanelText', 'index': 1}
2024-03-25 06:02:10,694 - INFO - First Available Appointment Is Tuesday November 5, 2024.
2024-03-25 06:03:58,280 - INFO - -117.69654750823975
2024-03-25 06:04:08,359 - INFO - First Available Appointment Is Tuesday November 5, 2024.
2024-03-25 06:05:43,939 - INFO - -105.65856194496155
2024-03-25 06:05:54,023 - INFO - First Available Appointment Is Tuesday November 5, 2024.
2024-03-25 06:07:50,629 - INFO - -126.6894907951355
2024-03-25 06:08:00,710 - INFO - First Available Appointment Is Tuesday November 5, 2024.
2024-03-25 06:09:47,303 - INFO - -116.67359209060669
2024-03-25 06:10:07,436 - ERROR - 
没有找到元素。
method: ele()
args: {'locator': '@class:leftPanelText', 'index': 1}
2024-03-25 06:10:52,107 - INFO - First Available Appointment Is Tuesday November 5, 2024.
2024-03-25 06:12:09,700 - INFO - -87.67536282539368
2024-03-25 06:12:19,783 - INFO - First Available Appointment Is Tuesday November 5, 2024.
2024-03-25 06:14:14,395 - INFO - -124.69482135772705
2024-03-25 06:14:24,480 - INFO - First Available Appointment Is Tuesday November 5, 2024.
2024-03-25 06:16:20,073 - INFO - -125.67824912071228
2024-03-25 06:16:30,132 - INFO - First Available Appointment Is Tuesday November 5, 2024.
2024-03-25 06:18:09,731 - INFO - -109.6575608253479
2024-03-25 06:18:29,877 - ERROR - 
没有找到元素。
method: ele()
args: {'locator': '@class:leftPanelText', 'index': 1}
2024-03-25 06:19:17,267 - INFO - First Available Appointment Is Tuesday November 5, 2024.
2024-03-25 06:20:35,854 - INFO - -88.73985934257507
2024-03-25 06:20:45,934 - INFO - First Available Appointment Is Tuesday November 5, 2024.
2024-03-25 06:22:16,521 - INFO - -100.6668906211853
2024-03-25 06:22:26,606 - INFO - First Available Appointment Is Tuesday November 5, 2024.
2024-03-25 06:24:08,186 - INFO - -111.6649420261383
2024-03-25 06:24:18,273 - INFO - First Available Appointment Is Tuesday November 5, 2024.
2024-03-25 06:26:00,859 - INFO - -112.67290711402893
2024-03-25 06:26:21,004 - ERROR - 
没有找到元素。
method: ele()
args: {'locator': '@class:leftPanelText', 'index': 1}
2024-03-25 06:27:04,920 - INFO - First Available Appointment Is Tuesday November 5, 2024.
2024-03-25 06:28:47,518 - INFO - -112.76916360855103
2024-03-25 06:28:57,602 - INFO - First Available Appointment Is Tuesday November 5, 2024.
2024-03-25 06:30:22,183 - INFO - -94.66431450843811
2024-03-25 06:30:32,261 - INFO - First Available Appointment Is Tuesday November 5, 2024.
2024-03-25 06:32:11,841 - INFO - -109.65777063369751
2024-03-25 06:32:21,925 - INFO - First Available Appointment Is Tuesday November 5, 2024.
2024-03-25 06:33:37,518 - INFO - -85.67669200897217
2024-03-25 06:33:57,656 - ERROR - 
没有找到元素。
method: ele()
args: {'locator': '@class:leftPanelText', 'index': 1}
2024-03-25 06:34:41,996 - INFO - First Available Appointment Is Tuesday November 5, 2024.
2024-03-25 06:36:32,602 - INFO - -120.71139287948608
2024-03-25 06:36:42,659 - INFO - First Available Appointment Is Tuesday November 5, 2024.
2024-03-25 06:38:07,258 - INFO - -94.65525364875793
2024-03-25 06:38:17,345 - INFO - First Available Appointment Is Tuesday November 5, 2024.
2024-03-25 06:39:40,937 - INFO - -93.67884087562561
2024-03-25 06:39:51,023 - INFO - First Available Appointment Is Tuesday November 5, 2024.
2024-03-25 06:41:08,603 - INFO - -87.66579294204712
2024-03-25 06:41:28,743 - ERROR - 
没有找到元素。
method: ele()
args: {'locator': '@class:leftPanelText', 'index': 1}
2024-03-25 06:42:15,668 - INFO - First Available Appointment Is Tuesday November 5, 2024.
2024-03-25 06:44:04,261 - INFO - -118.67194366455078
2024-03-25 06:44:14,344 - INFO - First Available Appointment Is Tuesday November 5, 2024.
2024-03-25 06:45:57,928 - INFO - -113.66619992256165
2024-03-25 06:46:08,011 - INFO - First Available Appointment Is Tuesday November 5, 2024.
2024-03-25 06:47:27,605 - INFO - -89.67693543434143
2024-03-25 06:47:37,691 - INFO - First Available Appointment Is Tuesday November 5, 2024.
2024-03-25 06:48:59,271 - INFO - -91.66573452949524
2024-03-25 06:49:19,410 - ERROR - 
没有找到元素。
method: ele()
args: {'locator': '@class:leftPanelText', 'index': 1}
2024-03-25 06:50:03,671 - INFO - First Available Appointment Is Tuesday November 5, 2024.
2024-03-25 06:51:30,277 - INFO - -96.71410822868347
2024-03-25 06:51:40,367 - INFO - First Available Appointment Is Tuesday November 5, 2024.
2024-03-25 06:53:26,947 - INFO - -116.66991305351257
2024-03-25 06:53:37,028 - INFO - First Available Appointment Is Tuesday November 5, 2024.
2024-03-25 06:55:31,615 - INFO - -124.66748571395874
2024-03-25 06:55:41,696 - INFO - First Available Appointment Is Tuesday November 5, 2024.
2024-03-25 06:56:54,288 - INFO - -82.67280387878418
2024-03-25 06:57:14,427 - ERROR - 
没有找到元素。
method: ele()
args: {'locator': '@class:leftPanelText', 'index': 1}
2024-03-25 06:57:58,500 - INFO - First Available Appointment Is Tuesday November 5, 2024.
2024-03-25 06:59:29,087 - INFO - -100.75327897071838
2024-03-25 06:59:39,168 - INFO - First Available Appointment Is Tuesday November 5, 2024.
2024-03-25 07:01:32,761 - INFO - -123.67360591888428
2024-03-25 07:01:42,840 - INFO - First Available Appointment Is Tuesday November 5, 2024.
2024-03-25 07:03:28,426 - INFO - -115.66521215438843
2024-03-25 07:03:38,501 - INFO - First Available Appointment Is Tuesday November 5, 2024.
2024-03-25 07:05:16,080 - INFO - -107.65313482284546
2024-03-25 07:05:36,225 - ERROR - 
没有找到元素。
method: ele()
args: {'locator': '@class:leftPanelText', 'index': 1}
2024-03-25 07:06:23,216 - INFO - First Available Appointment Is Tuesday November 5, 2024.
2024-03-25 07:07:46,794 - INFO - -93.72940635681152
2024-03-25 07:07:56,883 - INFO - First Available Appointment Is Tuesday November 5, 2024.
2024-03-25 07:09:29,476 - INFO - -102.68169784545898
2024-03-25 07:09:39,559 - INFO - First Available Appointment Is Tuesday November 5, 2024.
2024-03-25 07:10:57,165 - INFO - -87.68888330459595
2024-03-25 07:11:07,247 - INFO - First Available Appointment Is Tuesday November 5, 2024.
2024-03-25 07:13:02,846 - INFO - -125.68052434921265
2024-03-25 07:13:22,997 - ERROR - 
没有找到元素。
method: ele()
args: {'locator': '@class:leftPanelText', 'index': 1}
2024-03-25 07:14:10,173 - INFO - First Available Appointment Is Tuesday November 5, 2024.
2024-03-25 07:15:23,758 - INFO - -83.67683529853821
2024-03-25 07:15:33,843 - INFO - First Available Appointment Is Tuesday November 5, 2024.
2024-03-25 07:17:10,429 - INFO - -106.67085099220276
2024-03-25 07:17:20,508 - INFO - First Available Appointment Is Tuesday November 5, 2024.
2024-03-25 07:18:45,088 - INFO - -94.65914940834045
2024-03-25 07:18:55,170 - INFO - First Available Appointment Is Tuesday November 5, 2024.
2024-03-25 07:20:13,751 - INFO - -88.66250610351562
2024-03-25 07:20:33,886 - ERROR - 
没有找到元素。
method: ele()
args: {'locator': '@class:leftPanelText', 'index': 1}
2024-03-25 07:21:18,488 - INFO - First Available Appointment Is Tuesday November 5, 2024.
2024-03-25 07:27:42,646 - INFO - -394.23800230026245
2024-03-25 07:28:02,780 - ERROR - 
没有找到元素。
method: ele()
args: {'locator': '@class:leftPanelText', 'index': 1}
2024-03-25 07:28:51,247 - INFO - First Available Appointment Is Tuesday November 5, 2024.
2024-03-25 07:30:42,839 - INFO - -121.65075302124023
2024-03-25 07:30:52,918 - INFO - First Available Appointment Is Tuesday November 5, 2024.
2024-03-25 07:32:41,499 - INFO - -118.65941023826599
2024-03-25 07:32:51,579 - INFO - First Available Appointment Is Tuesday November 5, 2024.
2024-03-25 07:34:26,172 - INFO - -104.67290186882019
2024-03-25 07:34:36,240 - INFO - First Available Appointment Is Tuesday November 5, 2024.
2024-03-25 07:36:01,822 - INFO - -95.64988279342651
2024-03-25 07:36:21,956 - ERROR - 
没有找到元素。
method: ele()
args: {'locator': '@class:leftPanelText', 'index': 1}
2024-03-25 07:37:06,100 - INFO - First Available Appointment Is Tuesday November 5, 2024.
